<?xml version="1.0" encoding="UTF-8"?>
<testsuite name="org.example.DeleteTest" tests="1" skipped="0" failures="0" errors="0" timestamp="2022-09-24T08:19:21" hostname="Daniels-MacBook-Pro.local" time="0.0">
  <properties/>
  <testcase name="testDeleteFeature()" classname="org.example.DeleteTest" time="0.0"/>
  <system-out><![CDATA[]]></system-out>
  <system-err><![CDATA[]]></system-err>
</testsuite>
